<?xml version="1.0" encoding="UTF-8"?>
<testng-results ignored="0" total="2" passed="2" failed="0" skipped="0">
  <reporter-output>
  </reporter-output>
  <suite started-at="2024-02-21T00:31:28 COT" name="Suite" finished-at="2024-02-21T00:32:31 COT" duration-ms="63749">
    <groups>
    </groups>
    <test started-at="2024-02-21T00:31:28 COT" name="Test" finished-at="2024-02-21T00:32:31 COT" duration-ms="63749">
      <class name="tests.LogInTest">
        <test-method is-config="true" signature="setUp()[pri:0, instance:tests.LogInTest@21282ed8]" started-at="2024-02-21T00:31:28 COT" name="setUp" finished-at="2024-02-21T00:31:48 COT" duration-ms="20677" status="PASS">
          <reporter-output>
          </reporter-output>
        </test-method> <!-- setUp -->
        <test-method signature="testInvalidLogin()[pri:0, instance:tests.LogInTest@21282ed8]" started-at="2024-02-21T00:31:48 COT" name="testInvalidLogin" finished-at="2024-02-21T00:32:01 COT" duration-ms="12887" status="PASS">
          <reporter-output>
          </reporter-output>
        </test-method> <!-- testInvalidLogin -->
        <test-method is-config="true" signature="tearDown()[pri:0, instance:tests.LogInTest@21282ed8]" started-at="2024-02-21T00:32:01 COT" name="tearDown" finished-at="2024-02-21T00:32:02 COT" duration-ms="730" status="PASS">
          <reporter-output>
          </reporter-output>
        </test-method> <!-- tearDown -->
        <test-method is-config="true" signature="setUp()[pri:0, instance:tests.LogInTest@21282ed8]" started-at="2024-02-21T00:32:02 COT" name="setUp" finished-at="2024-02-21T00:32:22 COT" duration-ms="20279" status="PASS">
          <reporter-output>
          </reporter-output>
        </test-method> <!-- setUp -->
        <test-method signature="testValidLogin()[pri:0, instance:tests.LogInTest@21282ed8]" started-at="2024-02-21T00:32:22 COT" name="testValidLogin" finished-at="2024-02-21T00:32:31 COT" duration-ms="8383" status="PASS">
          <reporter-output>
          </reporter-output>
        </test-method> <!-- testValidLogin -->
        <test-method is-config="true" signature="tearDown()[pri:0, instance:tests.LogInTest@21282ed8]" started-at="2024-02-21T00:32:31 COT" name="tearDown" finished-at="2024-02-21T00:32:31 COT" duration-ms="758" status="PASS">
          <reporter-output>
          </reporter-output>
        </test-method> <!-- tearDown -->
      </class> <!-- tests.LogInTest -->
    </test> <!-- Test -->
  </suite> <!-- Suite -->
</testng-results>
